TN:
SF:src/app.module.js
FN:25,(anonymous_0)
FNF:1
FNH:0
FNDA:0,(anonymous_0)
DA:6,10
DA:8,10
DA:9,10
DA:10,10
DA:11,10
DA:12,10
DA:14,10
DA:17,10
DA:18,10
DA:19,10
DA:22,10
DA:25,10
DA:26,0
DA:30,10
DA:31,10
DA:33,10
LF:16
LH:15
BRF:0
BRH:0
end_of_record
TN:
SF:src/config/cloudinary.js
FN:22,(anonymous_0)
FN:49,(anonymous_1)
FN:60,(anonymous_2)
FN:73,(anonymous_3)
FNF:4
FNH:0
FNDA:0,(anonymous_0)
FNDA:0,(anonymous_1)
FNDA:0,(anonymous_2)
FNDA:0,(anonymous_3)
DA:6,10
DA:9,10
DA:22,10
DA:23,0
DA:33,0
DA:36,0
DA:37,0
DA:38,0
DA:41,0
DA:49,10
DA:50,0
DA:60,10
DA:61,0
DA:62,0
DA:65,0
DA:73,10
DA:74,0
DA:75,0
DA:80,0
DA:81,0
DA:84,10
LF:21
LH:7
BRDA:22,0,0,0
BRDA:37,1,0,0
BRDA:37,1,1,0
BRDA:60,2,0,0
BRDA:60,3,0,0
BRDA:61,4,0,0
BRDA:61,4,1,0
BRDA:61,5,0,0
BRDA:61,5,1,0
BRDA:74,6,0,0
BRDA:74,6,1,0
BRDA:74,7,0,0
BRDA:74,7,1,0
BRDA:81,8,0,0
BRDA:81,8,1,0
BRF:15
BRH:0
end_of_record
TN:
SF:src/config/cors.js
FNF:0
FNH:0
DA:1,10
DA:3,10
LF:2
LH:2
BRDA:4,0,0,10
BRDA:4,0,1,0
BRF:2
BRH:1
end_of_record
TN:
SF:src/config/database.js
FNF:0
FNH:0
DA:1,10
DA:2,10
DA:6,10
DA:8,10
DA:19,0
DA:21,0
DA:47,10
LF:7
LH:5
BRDA:6,0,0,10
BRDA:6,0,1,0
BRDA:19,1,0,0
BRDA:19,1,1,0
BRDA:27,2,0,0
BRDA:27,2,1,0
BRDA:27,3,0,0
BRDA:27,3,1,0
BRDA:29,4,0,0
BRDA:29,4,1,0
BRDA:35,5,0,0
BRDA:35,5,1,0
BRDA:37,6,0,0
BRDA:37,6,1,0
BRF:14
BRH:1
end_of_record
TN:
SF:src/config/jwt.js
FNF:0
FNH:0
DA:1,10
DA:3,10
LF:2
LH:2
BRDA:5,0,0,10
BRDA:5,0,1,0
BRF:2
BRH:1
end_of_record
TN:
SF:src/middleware/auth.middleware.js
FN:9,(anonymous_0)
FN:48,(anonymous_1)
FN:71,(anonymous_2)
FN:88,(anonymous_3)
FN:89,(anonymous_4)
FN:95,(anonymous_5)
FNF:6
FNH:5
FNDA:128,(anonymous_0)
FNDA:0,(anonymous_1)
FNDA:33,(anonymous_2)
FNDA:10,(anonymous_3)
FNDA:1,(anonymous_4)
FNDA:1,(anonymous_5)
DA:1,10
DA:2,10
DA:3,10
DA:9,10
DA:10,128
DA:11,128
DA:13,128
DA:14,7
DA:17,121
DA:20,121
DA:23,120
DA:27,120
DA:28,0
DA:32,120
DA:33,120
DA:35,1
DA:36,0
DA:38,1
DA:39,1
DA:41,0
DA:48,10
DA:49,0
DA:50,0
DA:52,0
DA:53,0
DA:54,0
DA:55,0
DA:56,0
DA:57,0
DA:60,0
DA:63,0
DA:71,10
DA:72,33
DA:73,0
DA:76,33
DA:77,33
DA:78,7
DA:81,26
DA:88,10
DA:89,10
DA:90,1
DA:91,0
DA:94,1
DA:95,1
DA:97,1
DA:98,0
DA:103,1
DA:107,10
LF:48
LH:32
BRDA:13,0,0,7
BRDA:13,0,1,121
BRDA:13,1,0,128
BRDA:13,1,1,121
BRDA:27,2,0,0
BRDA:27,2,1,120
BRDA:35,3,0,0
BRDA:35,3,1,1
BRDA:38,4,0,1
BRDA:38,4,1,0
BRDA:52,5,0,0
BRDA:52,5,1,0
BRDA:52,6,0,0
BRDA:52,6,1,0
BRDA:56,7,0,0
BRDA:56,7,1,0
BRDA:72,8,0,0
BRDA:72,8,1,33
BRDA:77,9,0,7
BRDA:77,9,1,26
BRDA:90,10,0,0
BRDA:90,10,1,1
BRDA:97,11,0,0
BRDA:97,11,1,1
BRF:24
BRH:12
end_of_record
TN:
SF:src/middleware/error.middleware.js
FN:4,(anonymous_0)
FN:11,(anonymous_1)
FN:19,(anonymous_2)
FN:39,(anonymous_3)
FNF:4
FNH:0
FNDA:0,(anonymous_0)
FNDA:0,(anonymous_1)
FNDA:0,(anonymous_2)
FNDA:0,(anonymous_3)
DA:4,10
DA:5,0
DA:8,0
DA:9,0
DA:11,0
DA:16,0
DA:17,0
DA:19,0
DA:24,0
DA:25,0
DA:31,0
DA:39,10
DA:40,0
DA:43,10
LF:14
LH:3
BRDA:8,0,0,0
BRDA:8,0,1,0
BRDA:16,1,0,0
BRDA:16,1,1,0
BRDA:24,2,0,0
BRDA:24,2,1,0
BRDA:31,3,0,0
BRDA:31,3,1,0
BRDA:32,4,0,0
BRDA:32,4,1,0
BRF:10
BRH:0
end_of_record
TN:
SF:src/middleware/roles.middleware.js
FN:15,(anonymous_0)
FN:18,(anonymous_1)
FN:20,(anonymous_2)
FN:29,(anonymous_3)
FN:31,(anonymous_4)
FN:38,(anonymous_5)
FN:39,(anonymous_6)
FNF:7
FNH:7
FNDA:12,(anonymous_0)
FNDA:24,(anonymous_1)
FNDA:36,(anonymous_2)
FNDA:12,(anonymous_3)
FNDA:12,(anonymous_4)
FNDA:30,(anonymous_5)
FNDA:12,(anonymous_6)
DA:5,10
DA:15,10
DA:16,12
DA:18,12
DA:19,24
DA:20,36
DA:23,12
DA:29,10
DA:30,12
DA:31,12
DA:38,10
DA:39,30
DA:40,12
DA:41,0
DA:44,12
DA:46,12
DA:47,0
DA:54,12
DA:61,10
DA:62,10
DA:63,10
DA:65,10
LF:22
LH:20
BRDA:19,0,0,24
BRDA:19,0,1,0
BRDA:40,1,0,0
BRDA:40,1,1,12
BRDA:46,2,0,0
BRDA:46,2,1,12
BRF:6
BRH:3
end_of_record
TN:
SF:src/middleware/upload.middleware.js
FN:12,(anonymous_0)
FN:39,(anonymous_1)
FNF:2
FNH:0
FNDA:0,(anonymous_0)
FNDA:0,(anonymous_1)
DA:6,10
DA:9,10
DA:12,10
DA:13,0
DA:15,0
DA:16,0
DA:18,0
DA:23,10
DA:33,10
DA:36,10
DA:39,10
DA:40,0
DA:41,0
DA:42,0
DA:44,0
DA:45,0
DA:47,0
DA:50,0
DA:51,0
DA:54,0
DA:57,10
LF:21
LH:8
BRDA:15,0,0,0
BRDA:15,0,1,0
BRDA:40,1,0,0
BRDA:40,1,1,0
BRDA:41,2,0,0
BRDA:41,2,1,0
BRDA:44,3,0,0
BRDA:44,3,1,0
BRDA:50,4,0,0
BRDA:50,4,1,0
BRF:10
BRH:0
end_of_record
TN:
SF:src/models/Client.js
FNF:0
FNH:0
DA:1,10
DA:2,10
DA:4,10
DA:49,10
LF:4
LH:4
BRF:0
BRH:0
end_of_record
TN:
SF:src/models/Fournisseur.js
FNF:0
FNH:0
DA:1,10
DA:2,10
DA:4,10
DA:42,10
LF:4
LH:4
BRF:0
BRH:0
end_of_record
TN:
SF:src/models/Intervention.js
FN:132,(anonymous_0)
FN:138,(anonymous_1)
FNF:2
FNH:0
FNDA:0,(anonymous_0)
FNDA:0,(anonymous_1)
DA:1,10
DA:2,10
DA:4,10
DA:123,10
DA:124,10
DA:132,10
DA:133,0
DA:134,0
DA:138,10
DA:140,0
DA:141,0
DA:142,0
DA:143,0
DA:144,0
DA:148,0
DA:150,0
DA:153,10
LF:17
LH:8
BRDA:133,0,0,0
BRDA:133,0,1,0
BRDA:140,1,0,0
BRDA:140,1,1,0
BRDA:140,2,0,0
BRDA:140,2,1,0
BRDA:140,2,2,0
BRDA:148,3,0,0
BRDA:148,3,1,0
BRDA:148,4,0,0
BRDA:148,4,1,0
BRF:11
BRH:0
end_of_record
TN:
SF:src/models/InterventionLog.js
FNF:0
FNH:0
DA:1,10
DA:2,10
DA:4,10
DA:41,10
LF:4
LH:4
BRF:0
BRH:0
end_of_record
TN:
SF:src/models/Machine.js
FNF:0
FNH:0
DA:1,10
DA:2,10
DA:4,10
DA:69,10
LF:4
LH:4
BRF:0
BRH:0
end_of_record
TN:
SF:src/models/MouvementStock.js
FNF:0
FNH:0
DA:1,10
DA:2,10
DA:4,10
DA:49,10
LF:4
LH:4
BRF:0
BRH:0
end_of_record
TN:
SF:src/models/Notification.js
FNF:0
FNH:0
DA:1,10
DA:2,10
DA:8,10
DA:45,10
LF:4
LH:4
BRF:0
BRH:0
end_of_record
TN:
SF:src/models/NotificationRead.js
FNF:0
FNH:0
DA:1,10
DA:2,10
DA:8,10
DA:41,10
LF:4
LH:4
BRF:0
BRH:0
end_of_record
TN:
SF:src/models/Panne.js
FNF:0
FNH:0
DA:1,10
DA:2,10
DA:4,10
DA:47,10
LF:4
LH:4
BRF:0
BRH:0
end_of_record
TN:
SF:src/models/Permission.js
FN:86,(anonymous_0)
FNF:1
FNH:1
FNDA:10,(anonymous_0)
DA:7,10
DA:8,10
DA:10,10
DA:42,10
DA:86,10
DA:87,10
DA:88,290
DA:95,10
LF:8
LH:8
BRF:0
BRH:0
end_of_record
TN:
SF:src/models/Piece.js
FN:61,(anonymous_0)
FN:66,(anonymous_1)
FN:77,(anonymous_2)
FNF:3
FNH:0
FNDA:0,(anonymous_0)
FNDA:0,(anonymous_1)
FNDA:0,(anonymous_2)
DA:1,10
DA:2,10
DA:4,10
DA:61,10
DA:62,0
DA:66,10
DA:67,0
DA:68,0
DA:72,0
DA:73,0
DA:77,10
DA:78,0
DA:79,0
DA:82,10
LF:14
LH:7
BRDA:67,0,0,0
BRDA:67,0,1,0
BRF:2
BRH:0
end_of_record
TN:
SF:src/models/PieceIntervention.js
FNF:0
FNH:0
DA:1,10
DA:2,10
DA:4,10
DA:40,10
LF:4
LH:4
BRF:0
BRH:0
end_of_record
TN:
SF:src/models/Role.js
FN:106,(anonymous_0)
FN:115,(anonymous_1)
FN:119,(anonymous_2)
FN:123,(anonymous_3)
FNF:4
FNH:1
FNDA:0,(anonymous_0)
FNDA:0,(anonymous_1)
FNDA:0,(anonymous_2)
FNDA:10,(anonymous_3)
DA:10,10
DA:11,10
DA:13,10
DA:59,10
DA:106,10
DA:108,0
DA:109,0
DA:111,0
DA:115,10
DA:116,0
DA:117,0
DA:119,0
DA:123,10
DA:124,10
DA:125,40
DA:132,10
LF:16
LH:10
BRDA:108,0,0,0
BRDA:108,0,1,0
BRDA:116,1,0,0
BRDA:116,1,1,0
BRF:4
BRH:0
end_of_record
TN:
SF:src/models/Settings.js
FN:45,(anonymous_0)
FN:56,(anonymous_1)
FNF:2
FNH:1
FNDA:0,(anonymous_0)
FNDA:4,(anonymous_1)
DA:1,10
DA:2,10
DA:8,10
DA:45,10
DA:46,0
DA:47,0
DA:56,10
DA:57,4
DA:62,4
DA:63,1
DA:64,1
DA:65,1
DA:66,1
DA:69,4
DA:72,10
LF:15
LH:13
BRDA:45,0,0,0
BRDA:47,1,0,0
BRDA:47,1,1,0
BRDA:56,2,0,1
BRDA:62,3,0,1
BRDA:62,3,1,3
BRDA:64,4,0,0
BRDA:64,4,1,1
BRF:8
BRH:4
end_of_record
TN:
SF:src/models/Technicien.js
FNF:0
FNH:0
DA:1,10
DA:2,10
DA:4,10
DA:36,10
LF:4
LH:4
BRF:0
BRH:0
end_of_record
TN:
SF:src/models/User.js
FN:45,(anonymous_0)
FN:50,(anonymous_1)
FN:59,(anonymous_2)
FN:65,(anonymous_3)
FNF:4
FNH:4
FNDA:2,(anonymous_0)
FNDA:73,(anonymous_1)
FNDA:32,(anonymous_2)
FNDA:2,(anonymous_3)
DA:1,10
DA:2,10
DA:3,10
DA:5,10
DA:45,10
DA:46,2
DA:50,10
DA:51,73
DA:52,73
DA:53,55
DA:55,73
DA:59,10
DA:60,32
DA:61,32
DA:65,10
DA:66,2
DA:67,0
DA:71,10
LF:18
LH:17
BRDA:51,0,0,73
BRDA:51,0,1,0
BRDA:52,1,0,55
BRDA:52,1,1,18
BRDA:60,2,0,32
BRDA:60,2,1,0
BRDA:66,3,0,0
BRDA:66,3,1,2
BRF:8
BRH:5
end_of_record
TN:
SF:src/models/WorkOrder.js
FN:172,(anonymous_0)
FN:181,(anonymous_1)
FN:204,(anonymous_2)
FNF:3
FNH:2
FNDA:1,(anonymous_0)
FNDA:0,(anonymous_1)
FNDA:3,(anonymous_2)
DA:1,10
DA:2,10
DA:9,10
DA:172,10
DA:173,1
DA:174,1
DA:175,1
DA:181,10
DA:182,0
DA:183,0
DA:184,0
DA:186,0
DA:192,10
DA:204,10
DA:205,3
DA:206,3
DA:209,10
LF:17
LH:13
BRDA:173,0,0,1
BRDA:173,0,1,1
BRDA:174,1,0,1
BRDA:174,1,1,1
BRDA:182,2,0,0
BRDA:182,2,1,0
BRDA:182,3,0,0
BRDA:182,3,1,0
BRDA:205,4,0,3
BRDA:205,4,1,0
BRF:10
BRH:5
end_of_record
TN:
SF:src/models/index.js
FNF:0
FNH:0
DA:1,10
DA:4,10
DA:5,10
DA:6,10
DA:7,10
DA:8,10
DA:9,10
DA:10,10
DA:11,10
DA:12,10
DA:13,10
DA:14,10
DA:15,10
DA:16,10
DA:17,10
DA:18,10
DA:19,10
DA:20,10
DA:27,10
DA:28,10
DA:31,10
DA:32,10
DA:35,10
DA:36,10
DA:39,10
DA:40,10
DA:43,10
DA:44,10
DA:47,10
DA:48,10
DA:51,10
DA:52,10
DA:55,10
DA:56,10
DA:59,10
DA:60,10
DA:63,10
DA:64,10
DA:67,10
DA:68,10
DA:71,10
DA:72,10
DA:75,10
DA:76,10
DA:79,10
DA:80,10
DA:83,10
DA:84,10
DA:87,10
DA:88,10
DA:91,10
DA:92,10
DA:94,10
LF:53
LH:53
BRF:0
BRH:0
end_of_record
TN:
SF:src/routes/auth.routes.js
FN:13,(anonymous_0)
FNF:1
FNH:1
FNDA:5,(anonymous_0)
DA:1,10
DA:2,10
DA:3,10
DA:4,10
DA:6,10
DA:13,10
DA:14,5
DA:15,5
DA:17,5
DA:18,2
DA:22,3
DA:24,3
DA:25,1
DA:29,2
DA:31,2
DA:32,1
DA:36,1
DA:45,1
DA:47,0
DA:48,0
DA:52,10
LF:21
LH:19
BRDA:17,0,0,2
BRDA:17,0,1,3
BRDA:17,1,0,5
BRDA:17,1,1,4
BRDA:24,2,0,1
BRDA:24,2,1,2
BRDA:31,3,0,1
BRDA:31,3,1,1
BRF:8
BRH:8
end_of_record
TN:
SF:src/routes/client.routes.js
FN:13,(anonymous_0)
FN:54,(anonymous_1)
FN:75,(anonymous_2)
FN:100,(anonymous_3)
FN:131,(anonymous_4)
FNF:5
FNH:5
FNDA:3,(anonymous_0)
FNDA:2,(anonymous_1)
FNDA:2,(anonymous_2)
FNDA:2,(anonymous_3)
FNDA:2,(anonymous_4)
DA:1,10
DA:2,10
DA:3,10
DA:4,10
DA:5,10
DA:7,10
DA:13,10
DA:14,3
DA:15,3
DA:16,3
DA:17,3
DA:18,3
DA:20,3
DA:21,3
DA:22,1
DA:29,3
DA:37,3
DA:45,0
DA:46,0
DA:54,10
DA:55,2
DA:56,2
DA:60,2
DA:61,1
DA:64,1
DA:66,0
DA:67,0
DA:75,10
DA:76,2
DA:77,2
DA:79,2
DA:89,1
DA:91,1
DA:92,1
DA:100,10
DA:101,2
DA:102,2
DA:104,2
DA:105,1
DA:108,1
DA:110,1
DA:111,1
DA:112,1
DA:113,1
DA:114,1
DA:115,1
DA:116,1
DA:118,1
DA:120,1
DA:122,0
DA:123,0
DA:131,10
DA:132,2
DA:133,2
DA:135,2
DA:136,1
DA:139,1
DA:141,1
DA:143,0
DA:144,0
DA:148,10
LF:61
LH:53
BRDA:15,0,0,3
BRDA:15,0,1,2
BRDA:16,1,0,3
BRDA:16,1,1,2
BRDA:21,2,0,1
BRDA:21,2,1,2
BRDA:60,3,0,1
BRDA:60,3,1,1
BRDA:104,4,0,1
BRDA:104,4,1,1
BRDA:110,5,0,1
BRDA:110,5,1,0
BRDA:111,6,0,1
BRDA:111,6,1,0
BRDA:112,7,0,0
BRDA:112,7,1,1
BRDA:113,8,0,0
BRDA:113,8,1,1
BRDA:114,9,0,0
BRDA:114,9,1,1
BRDA:115,10,0,0
BRDA:115,10,1,1
BRDA:116,11,0,0
BRDA:116,11,1,1
BRDA:135,12,0,1
BRDA:135,12,1,1
BRF:26
BRH:19
end_of_record
TN:
SF:src/routes/dashboard.routes.js
FN:12,(anonymous_0)
FN:98,(anonymous_1)
FN:125,(anonymous_2)
FN:170,(anonymous_3)
FNF:4
FNH:0
FNDA:0,(anonymous_0)
FNDA:0,(anonymous_1)
FNDA:0,(anonymous_2)
FNDA:0,(anonymous_3)
DA:1,10
DA:2,10
DA:3,10
DA:4,10
DA:6,10
DA:12,10
DA:13,0
DA:14,0
DA:17,0
DA:24,0
DA:29,0
DA:37,0
DA:40,0
DA:41,0
DA:42,0
DA:43,0
DA:44,0
DA:45,0
DA:46,0
DA:47,0
DA:49,0
DA:50,0
DA:51,0
DA:55,0
DA:59,0
DA:67,0
DA:70,0
DA:76,0
DA:84,0
DA:87,0
DA:88,0
DA:93,0
DA:95,0
DA:98,0
DA:116,0
DA:117,0
DA:125,10
DA:126,0
DA:128,0
DA:129,0
DA:131,0
DA:144,0
DA:151,0
DA:167,0
DA:170,0
DA:177,0
DA:178,0
DA:182,10
LF:48
LH:8
BRDA:14,0,0,0
BRDA:14,0,1,0
BRDA:40,1,0,0
BRDA:40,1,1,0
BRDA:44,2,0,0
BRDA:44,2,1,0
BRDA:67,3,0,0
BRDA:67,3,1,0
BRDA:84,4,0,0
BRDA:84,4,1,0
BRDA:93,5,0,0
BRDA:93,5,1,0
BRF:12
BRH:0
end_of_record
TN:
SF:src/routes/fournisseur.routes.js
FN:12,(anonymous_0)
FN:51,(anonymous_1)
FN:72,(anonymous_2)
FN:95,(anonymous_3)
FN:124,(anonymous_4)
FNF:5
FNH:5
FNDA:3,(anonymous_0)
FNDA:2,(anonymous_1)
FNDA:2,(anonymous_2)
FNDA:2,(anonymous_3)
FNDA:2,(anonymous_4)
DA:1,10
DA:2,10
DA:3,10
DA:4,10
DA:6,10
DA:12,10
DA:13,3
DA:14,3
DA:15,3
DA:16,3
DA:17,3
DA:19,3
DA:20,3
DA:21,1
DA:27,3
DA:34,3
DA:42,0
DA:43,0
DA:51,10
DA:52,2
DA:53,2
DA:57,2
DA:58,1
DA:61,1
DA:63,0
DA:64,0
DA:72,10
DA:73,2
DA:74,2
DA:76,2
DA:84,1
DA:86,1
DA:87,1
DA:95,10
DA:96,2
DA:97,2
DA:99,2
DA:100,1
DA:103,1
DA:105,1
DA:106,1
DA:107,1
DA:108,1
DA:109,1
DA:111,1
DA:113,1
DA:115,0
DA:116,0
DA:124,10
DA:125,2
DA:126,2
DA:130,2
DA:131,1
DA:134,1
DA:135,0
DA:138,1
DA:140,1
DA:142,0
DA:143,0
DA:147,10
LF:60
LH:51
BRDA:14,0,0,3
BRDA:14,0,1,2
BRDA:15,1,0,3
BRDA:15,1,1,2
BRDA:20,2,0,1
BRDA:20,2,1,2
BRDA:57,3,0,1
BRDA:57,3,1,1
BRDA:81,4,0,0
BRDA:81,4,1,2
BRDA:99,5,0,1
BRDA:99,5,1,1
BRDA:105,6,0,1
BRDA:105,6,1,0
BRDA:106,7,0,0
BRDA:106,7,1,1
BRDA:107,8,0,1
BRDA:107,8,1,0
BRDA:108,9,0,0
BRDA:108,9,1,1
BRDA:109,10,0,0
BRDA:109,10,1,1
BRDA:109,11,0,0
BRDA:109,11,1,0
BRDA:130,12,0,1
BRDA:130,12,1,1
BRDA:134,13,0,0
BRDA:134,13,1,1
BRDA:134,14,0,1
BRDA:134,14,1,1
BRF:30
BRH:21
end_of_record
TN:
SF:src/routes/index.js
FN:18,(anonymous_0)
FNF:1
FNH:1
FNDA:10,(anonymous_0)
DA:1,10
DA:2,10
DA:3,10
DA:4,10
DA:5,10
DA:6,10
DA:7,10
DA:8,10
DA:9,10
DA:10,10
DA:11,10
DA:12,10
DA:13,10
DA:14,10
DA:15,10
DA:16,10
DA:18,10
DA:20,10
DA:23,10
DA:26,10
DA:27,10
DA:28,10
DA:29,10
DA:30,10
DA:31,10
DA:32,10
DA:33,10
DA:34,10
DA:35,10
DA:36,10
DA:37,10
DA:40,10
DA:41,10
DA:44,10
LF:34
LH:34
BRF:0
BRH:0
end_of_record
TN:
SF:src/routes/intervention.routes.js
FN:13,(anonymous_0)
FN:78,(anonymous_1)
FN:104,(anonymous_2)
FN:170,(anonymous_3)
FN:224,(anonymous_4)
FN:323,(anonymous_5)
FN:346,(anonymous_6)
FN:369,(anonymous_7)
FN:404,(anonymous_8)
FN:431,(anonymous_9)
FNF:10
FNH:0
FNDA:0,(anonymous_0)
FNDA:0,(anonymous_1)
FNDA:0,(anonymous_2)
FNDA:0,(anonymous_3)
FNDA:0,(anonymous_4)
FNDA:0,(anonymous_5)
FNDA:0,(anonymous_6)
FNDA:0,(anonymous_7)
FNDA:0,(anonymous_8)
FNDA:0,(anonymous_9)
DA:1,10
DA:2,10
DA:3,10
DA:4,10
DA:5,10
DA:7,10
DA:13,10
DA:14,0
DA:15,0
DA:16,0
DA:17,0
DA:18,0
DA:19,0
DA:20,0
DA:21,0
DA:23,0
DA:24,0
DA:25,0
DA:28,0
DA:29,0
DA:35,0
DA:44,0
DA:45,0
DA:52,0
DA:61,0
DA:69,0
DA:70,0
DA:78,10
DA:79,0
DA:80,0
DA:89,0
DA:90,0
DA:93,0
DA:95,0
DA:96,0
DA:104,10
DA:105,0
DA:106,0
DA:108,0
DA:109,0
DA:112,0
DA:113,0
DA:114,0
DA:118,0
DA:131,0
DA:132,0
DA:133,0
DA:134,0
DA:135,0
DA:140,0
DA:141,0
DA:152,0
DA:159,0
DA:161,0
DA:162,0
DA:170,10
DA:171,0
DA:172,0
DA:174,0
DA:175,0
DA:178,0
DA:180,0
DA:181,0
DA:182,0
DA:183,0
DA:184,0
DA:186,0
DA:187,0
DA:188,0
DA:189,0
DA:190,0
DA:191,0
DA:196,0
DA:197,0
DA:198,0
DA:199,0
DA:203,0
DA:206,0
DA:213,0
DA:215,0
DA:216,0
DA:224,10
DA:225,0
DA:226,0
DA:233,0
DA:234,0
DA:237,0
DA:239,0
DA:240,0
DA:243,0
DA:244,0
DA:245,0
DA:251,0
DA:252,0
DA:255,0
DA:257,0
DA:258,0
DA:259,0
DA:260,0
DA:261,0
DA:263,0
DA:266,0
DA:267,0
DA:268,0
DA:269,0
DA:270,0
DA:271,0
DA:272,0
DA:275,0
DA:276,0
DA:277,0
DA:278,0
DA:280,0
DA:284,0
DA:291,0
DA:292,0
DA:293,0
DA:295,0
DA:296,0
DA:297,0
DA:299,0
DA:302,0
DA:305,0
DA:312,0
DA:314,0
DA:315,0
DA:323,10
DA:324,0
DA:325,0
DA:327,0
DA:328,0
DA:331,0
DA:332,0
DA:333,0
DA:335,0
DA:337,0
DA:338,0
DA:346,10
DA:347,0
DA:348,0
DA:350,0
DA:351,0
DA:354,0
DA:355,0
DA:356,0
DA:358,0
DA:360,0
DA:361,0
DA:369,10
DA:370,0
DA:371,0
DA:373,0
DA:374,0
DA:377,0
DA:379,0
DA:387,0
DA:393,0
DA:395,0
DA:396,0
DA:404,10
DA:405,0
DA:406,0
DA:408,0
DA:409,0
DA:412,0
DA:414,0
DA:415,0
DA:416,0
DA:417,0
DA:418,0
DA:420,0
DA:422,0
DA:423,0
DA:431,10
DA:432,0
DA:433,0
DA:435,0
DA:436,0
DA:439,0
DA:441,0
DA:443,0
DA:444,0
DA:448,10
LF:183
LH:17
BRDA:15,0,0,0
BRDA:15,0,1,0
BRDA:16,1,0,0
BRDA:16,1,1,0
BRDA:20,2,0,0
BRDA:20,2,1,0
BRDA:24,3,0,0
BRDA:24,3,1,0
BRDA:25,4,0,0
BRDA:25,4,1,0
BRDA:28,5,0,0
BRDA:28,5,1,0
BRDA:44,6,0,0
BRDA:44,6,1,0
BRDA:89,7,0,0
BRDA:89,7,1,0
BRDA:108,8,0,0
BRDA:108,8,1,0
BRDA:113,9,0,0
BRDA:113,9,1,0
BRDA:120,10,0,0
BRDA:120,10,1,0
BRDA:121,11,0,0
BRDA:121,11,1,0
BRDA:122,12,0,0
BRDA:122,12,1,0
BRDA:124,13,0,0
BRDA:124,13,1,0
BRDA:127,14,0,0
BRDA:127,14,1,0
BRDA:131,15,0,0
BRDA:131,15,1,0
BRDA:133,16,0,0
BRDA:133,16,1,0
BRDA:140,17,0,0
BRDA:140,17,1,0
BRDA:145,18,0,0
BRDA:145,18,1,0
BRDA:145,18,2,0
BRDA:146,19,0,0
BRDA:146,19,1,0
BRDA:174,20,0,0
BRDA:174,20,1,0
BRDA:180,21,0,0
BRDA:180,21,1,0
BRDA:181,22,0,0
BRDA:181,22,1,0
BRDA:182,23,0,0
BRDA:182,23,1,0
BRDA:183,24,0,0
BRDA:183,24,1,0
BRDA:184,25,0,0
BRDA:184,25,1,0
BRDA:186,26,0,0
BRDA:186,26,1,0
BRDA:188,27,0,0
BRDA:188,27,1,0
BRDA:188,28,0,0
BRDA:188,28,1,0
BRDA:190,29,0,0
BRDA:190,29,1,0
BRDA:197,30,0,0
BRDA:197,30,1,0
BRDA:197,31,0,0
BRDA:197,31,1,0
BRDA:233,32,0,0
BRDA:233,32,1,0
BRDA:239,33,0,0
BRDA:239,33,1,0
BRDA:239,34,0,0
BRDA:239,34,1,0
BRDA:243,35,0,0
BRDA:243,35,1,0
BRDA:244,36,0,0
BRDA:244,36,1,0
BRDA:255,37,0,0
BRDA:255,37,1,0
BRDA:255,37,2,0
BRDA:259,38,0,0
BRDA:259,38,1,0
BRDA:270,39,0,0
BRDA:270,39,1,0
BRDA:276,40,0,0
BRDA:276,40,1,0
BRDA:276,41,0,0
BRDA:276,41,1,0
BRDA:291,42,0,0
BRDA:291,42,1,0
BRDA:295,43,0,0
BRDA:295,43,1,0
BRDA:327,44,0,0
BRDA:327,44,1,0
BRDA:350,45,0,0
BRDA:350,45,1,0
BRDA:373,46,0,0
BRDA:373,46,1,0
BRDA:382,47,0,0
BRDA:382,47,1,0
BRDA:383,48,0,0
BRDA:383,48,1,0
BRDA:408,49,0,0
BRDA:408,49,1,0
BRDA:435,50,0,0
BRDA:435,50,1,0
BRF:104
BRH:0
end_of_record
TN:
SF:src/routes/machine.routes.js
FN:13,(anonymous_0)
FN:58,(anonymous_1)
FN:79,(anonymous_2)
FN:109,(anonymous_3)
FN:145,(anonymous_4)
FN:166,(anonymous_5)
FN:202,(anonymous_6)
FN:260,(anonymous_7)
FN:285,(anonymous_8)
FN:310,(anonymous_9)
FN:341,(anonymous_10)
FN:393,(anonymous_11)
FNF:12
FNH:6
FNDA:3,(anonymous_0)
FNDA:2,(anonymous_1)
FNDA:2,(anonymous_2)
FNDA:2,(anonymous_3)
FNDA:2,(anonymous_4)
FNDA:0,(anonymous_5)
FNDA:0,(anonymous_6)
FNDA:0,(anonymous_7)
FNDA:0,(anonymous_8)
FNDA:0,(anonymous_9)
FNDA:3,(anonymous_10)
FNDA:0,(anonymous_11)
DA:1,10
DA:2,10
DA:3,10
DA:4,10
DA:5,10
DA:7,10
DA:13,10
DA:14,3
DA:15,3
DA:16,3
DA:17,3
DA:18,3
DA:19,3
DA:21,3
DA:22,3
DA:23,1
DA:29,3
DA:30,1
DA:33,3
DA:41,3
DA:49,0
DA:50,0
DA:58,10
DA:59,2
DA:60,2
DA:64,2
DA:65,1
DA:68,1
DA:70,0
DA:71,0
DA:79,10
DA:80,2
DA:81,2
DA:83,2
DA:94,1
DA:98,1
DA:100,1
DA:101,1
DA:109,10
DA:110,2
DA:111,2
DA:113,2
DA:114,1
DA:117,1
DA:119,1
DA:120,1
DA:121,1
DA:122,1
DA:123,1
DA:124,1
DA:125,1
DA:127,1
DA:130,1
DA:134,1
DA:136,0
DA:137,0
DA:145,10
DA:146,2
DA:147,2
DA:149,2
DA:150,1
DA:153,1
DA:155,1
DA:157,0
DA:158,0
DA:166,10
DA:167,0
DA:168,0
DA:170,0
DA:171,0
DA:174,0
DA:182,0
DA:184,0
DA:185,0
DA:193,10
DA:194,10
DA:195,10
DA:196,10
DA:202,10
DA:203,0
DA:204,0
DA:205,0
DA:206,0
DA:209,0
DA:210,0
DA:213,0
DA:215,0
DA:216,0
DA:217,0
DA:221,0
DA:223,0
DA:228,0
DA:229,0
DA:233,0
DA:234,0
DA:237,0
DA:238,0
DA:239,0
DA:242,0
DA:244,0
DA:251,0
DA:252,0
DA:260,10
DA:261,0
DA:262,0
DA:264,0
DA:265,0
DA:266,0
DA:269,0
DA:270,0
DA:274,0
DA:275,0
DA:276,0
DA:277,0
DA:279,0
DA:285,0
DA:286,0
DA:289,0
DA:290,0
DA:293,0
DA:295,0
DA:301,0
DA:302,0
DA:310,10
DA:311,0
DA:312,0
DA:314,0
DA:315,0
DA:316,0
DA:319,0
DA:320,0
DA:321,0
DA:324,0
DA:326,0
DA:328,0
DA:329,0
DA:341,10
DA:342,3
DA:343,3
DA:344,3
DA:345,1
DA:349,2
DA:350,1
DA:351,1
DA:352,1
DA:356,2
DA:359,2
DA:361,2
DA:362,0
DA:363,0
DA:365,2
DA:375,2
DA:376,1
DA:378,1
DA:379,1
DA:380,1
DA:384,0
DA:385,0
DA:393,10
DA:394,0
DA:395,0
DA:400,0
DA:401,0
DA:404,0
DA:406,0
DA:407,0
DA:411,10
LF:167
LH:85
BRDA:15,0,0,3
BRDA:15,0,1,3
BRDA:16,1,0,3
BRDA:16,1,1,3
BRDA:22,2,0,1
BRDA:22,2,1,2
BRDA:29,3,0,1
BRDA:29,3,1,2
BRDA:64,4,0,1
BRDA:64,4,1,1
BRDA:88,5,0,2
BRDA:88,5,1,0
BRDA:89,6,0,2
BRDA:89,6,1,1
BRDA:113,7,0,1
BRDA:113,7,1,1
BRDA:119,8,0,0
BRDA:119,8,1,1
BRDA:120,9,0,1
BRDA:120,9,1,0
BRDA:121,10,0,0
BRDA:121,10,1,1
BRDA:122,11,0,0
BRDA:122,11,1,1
BRDA:123,12,0,0
BRDA:123,12,1,1
BRDA:124,13,0,1
BRDA:124,13,1,0
BRDA:125,14,0,0
BRDA:125,14,1,1
BRDA:149,15,0,1
BRDA:149,15,1,1
BRDA:170,16,0,0
BRDA:170,16,1,0
BRDA:205,17,0,0
BRDA:205,17,1,0
BRDA:209,18,0,0
BRDA:209,18,1,0
BRDA:209,19,0,0
BRDA:209,19,1,0
BRDA:228,20,0,0
BRDA:228,20,1,0
BRDA:233,21,0,0
BRDA:233,21,1,0
BRDA:238,22,0,0
BRDA:238,22,1,0
BRDA:238,23,0,0
BRDA:238,23,1,0
BRDA:248,24,0,0
BRDA:248,24,1,0
BRDA:265,25,0,0
BRDA:265,25,1,0
BRDA:269,26,0,0
BRDA:269,26,1,0
BRDA:275,27,0,0
BRDA:275,27,1,0
BRDA:285,28,0,0
BRDA:285,28,1,0
BRDA:289,29,0,0
BRDA:289,29,1,0
BRDA:290,30,0,0
BRDA:290,30,1,0
BRDA:315,31,0,0
BRDA:315,31,1,0
BRDA:319,32,0,0
BRDA:319,32,1,0
BRDA:320,33,0,0
BRDA:320,33,1,0
BRDA:344,34,0,1
BRDA:344,34,1,2
BRDA:349,35,0,1
BRDA:349,35,1,1
BRDA:356,36,0,2
BRDA:356,36,1,0
BRDA:359,37,0,2
BRDA:359,37,1,2
BRDA:361,38,0,0
BRDA:361,38,1,2
BRDA:366,39,0,2
BRDA:366,39,1,2
BRDA:375,40,0,1
BRDA:375,40,1,1
BRDA:400,41,0,0
BRDA:400,41,1,0
BRF:84
BRH:36
end_of_record
TN:
SF:src/routes/me.routes.js
FN:11,(anonymous_0)
FN:47,(anonymous_1)
FNF:2
FNH:1
FNDA:1,(anonymous_0)
FNDA:0,(anonymous_1)
DA:1,10
DA:2,10
DA:3,10
DA:5,10
DA:11,10
DA:12,1
DA:13,1
DA:16,1
DA:18,1
DA:27,1
DA:28,0
DA:36,1
DA:38,0
DA:39,0
DA:47,10
DA:48,0
DA:49,0
DA:50,0
DA:52,0
DA:54,0
DA:55,0
DA:58,0
DA:59,0
DA:60,0
DA:66,0
DA:67,0
DA:69,0
DA:74,0
DA:75,0
DA:79,10
LF:30
LH:13
BRDA:27,0,0,0
BRDA:27,0,1,1
BRDA:54,1,0,0
BRDA:54,1,1,0
BRDA:59,2,0,0
BRDA:59,2,1,0
BRDA:59,3,0,0
BRDA:59,3,1,0
BRF:8
BRH:1
end_of_record
TN:
SF:src/routes/notification.routes.js
FN:12,(anonymous_0)
FN:22,(anonymous_1)
FN:22,(anonymous_2)
FN:54,(anonymous_3)
FN:82,(anonymous_4)
FN:91,(anonymous_5)
FN:91,(anonymous_6)
FN:107,(anonymous_7)
FN:130,(anonymous_8)
FN:171,(anonymous_9)
FNF:10
FNH:4
FNDA:3,(anonymous_0)
FNDA:3,(anonymous_1)
FNDA:0,(anonymous_2)
FNDA:4,(anonymous_3)
FNDA:0,(anonymous_4)
FNDA:0,(anonymous_5)
FNDA:0,(anonymous_6)
FNDA:0,(anonymous_7)
FNDA:2,(anonymous_8)
FNDA:0,(anonymous_9)
DA:1,10
DA:2,10
DA:3,10
DA:4,10
DA:6,10
DA:12,10
DA:13,3
DA:14,3
DA:15,3
DA:16,3
DA:19,3
DA:22,3
DA:27,3
DA:37,3
DA:43,3
DA:45,0
DA:46,0
DA:54,10
DA:55,4
DA:56,4
DA:57,4
DA:60,4
DA:61,4
DA:62,1
DA:66,3
DA:71,3
DA:73,0
DA:74,0
DA:82,10
DA:83,0
DA:84,0
DA:85,0
DA:88,0
DA:91,0
DA:93,0
DA:107,0
DA:113,0
DA:114,0
DA:119,0
DA:121,0
DA:122,0
DA:130,10
DA:131,2
DA:132,2
DA:135,2
DA:136,1
DA:146,1
DA:147,1
DA:148,0
DA:153,1
DA:160,1
DA:162,0
DA:163,0
DA:171,10
DA:172,0
DA:173,0
DA:175,0
DA:176,0
DA:177,0
DA:181,0
DA:184,0
DA:186,0
DA:188,0
DA:189,0
DA:193,10
LF:65
LH:36
BRDA:16,0,0,3
BRDA:16,0,1,3
BRDA:29,1,0,0
BRDA:29,1,1,3
BRDA:61,2,0,1
BRDA:61,2,1,3
BRDA:96,3,0,0
BRDA:96,3,1,0
BRDA:113,4,0,0
BRDA:113,4,1,0
BRDA:135,5,0,1
BRDA:135,5,1,1
BRDA:135,6,0,2
BRDA:135,6,1,1
BRDA:139,7,0,1
BRDA:139,7,1,0
BRDA:140,8,0,0
BRDA:140,8,1,1
BRDA:147,9,0,0
BRDA:147,9,1,1
BRDA:147,10,0,1
BRDA:147,10,1,1
BRDA:156,11,0,1
BRDA:156,11,1,0
BRDA:157,12,0,1
BRDA:157,12,1,1
BRDA:176,13,0,0
BRDA:176,13,1,0
BRF:28
BRH:17
end_of_record
TN:
SF:src/routes/panne.routes.js
FN:13,(anonymous_0)
FN:46,(anonymous_1)
FN:70,(anonymous_2)
FN:95,(anonymous_3)
FN:156,(anonymous_4)
FN:210,(anonymous_5)
FNF:6
FNH:0
FNDA:0,(anonymous_0)
FNDA:0,(anonymous_1)
FNDA:0,(anonymous_2)
FNDA:0,(anonymous_3)
FNDA:0,(anonymous_4)
FNDA:0,(anonymous_5)
DA:1,10
DA:2,10
DA:3,10
DA:4,10
DA:5,10
DA:7,10
DA:13,10
DA:14,0
DA:15,0
DA:16,0
DA:18,0
DA:19,0
DA:20,0
DA:22,0
DA:35,0
DA:37,0
DA:38,0
DA:46,10
DA:47,0
DA:48,0
DA:55,0
DA:56,0
DA:59,0
DA:61,0
DA:62,0
DA:70,10
DA:71,0
DA:72,0
DA:74,0
DA:75,0
DA:78,0
DA:84,0
DA:86,0
DA:87,0
DA:95,10
DA:96,0
DA:97,0
DA:99,0
DA:100,0
DA:103,0
DA:104,0
DA:105,0
DA:109,0
DA:120,0
DA:121,0
DA:122,0
DA:123,0
DA:124,0
DA:129,0
DA:138,0
DA:145,0
DA:147,0
DA:148,0
DA:156,10
DA:157,0
DA:158,0
DA:162,0
DA:163,0
DA:166,0
DA:168,0
DA:169,0
DA:172,0
DA:173,0
DA:175,0
DA:176,0
DA:177,0
DA:178,0
DA:179,0
DA:182,0
DA:183,0
DA:184,0
DA:185,0
DA:190,0
DA:192,0
DA:199,0
DA:201,0
DA:202,0
DA:210,10
DA:211,0
DA:212,0
DA:216,0
DA:217,0
DA:221,0
DA:222,0
DA:225,0
DA:227,0
DA:229,0
DA:230,0
DA:234,10
LF:89
LH:13
BRDA:19,0,0,0
BRDA:19,0,1,0
BRDA:20,1,0,0
BRDA:20,1,1,0
BRDA:55,2,0,0
BRDA:55,2,1,0
BRDA:74,3,0,0
BRDA:74,3,1,0
BRDA:99,4,0,0
BRDA:99,4,1,0
BRDA:104,5,0,0
BRDA:104,5,1,0
BRDA:111,6,0,0
BRDA:111,6,1,0
BRDA:113,7,0,0
BRDA:113,7,1,0
BRDA:120,8,0,0
BRDA:120,8,1,0
BRDA:122,9,0,0
BRDA:122,9,1,0
BRDA:134,10,0,0
BRDA:134,10,1,0
BRDA:135,11,0,0
BRDA:135,11,1,0
BRDA:162,12,0,0
BRDA:162,12,1,0
BRDA:168,13,0,0
BRDA:168,13,1,0
BRDA:169,14,0,0
BRDA:169,14,1,0
BRDA:172,15,0,0
BRDA:172,15,1,0
BRDA:175,16,0,0
BRDA:175,16,1,0
BRDA:175,17,0,0
BRDA:175,17,1,0
BRDA:183,18,0,0
BRDA:183,18,1,0
BRDA:216,19,0,0
BRDA:216,19,1,0
BRDA:221,20,0,0
BRDA:221,20,1,0
BRDA:221,21,0,0
BRDA:221,21,1,0
BRF:44
BRH:0
end_of_record
TN:
SF:src/routes/piece.routes.js
FN:12,(anonymous_0)
FN:52,(anonymous_1)
FN:72,(anonymous_2)
FN:96,(anonymous_3)
FN:138,(anonymous_4)
FN:173,(anonymous_5)
FN:232,(anonymous_6)
FNF:7
FNH:6
FNDA:3,(anonymous_0)
FNDA:0,(anonymous_1)
FNDA:2,(anonymous_2)
FNDA:2,(anonymous_3)
FNDA:2,(anonymous_4)
FNDA:7,(anonymous_5)
FNDA:2,(anonymous_6)
DA:1,10
DA:2,10
DA:3,10
DA:4,10
DA:6,10
DA:12,10
DA:13,3
DA:14,3
DA:15,3
DA:16,3
DA:17,3
DA:19,3
DA:20,3
DA:21,1
DA:27,3
DA:35,3
DA:43,0
DA:44,0
DA:52,10
DA:53,0
DA:54,0
DA:61,0
DA:63,0
DA:64,0
DA:72,10
DA:73,2
DA:74,2
DA:81,2
DA:82,1
DA:85,1
DA:87,0
DA:88,0
DA:96,10
DA:97,2
DA:98,2
DA:100,2
DA:112,2
DA:113,2
DA:123,2
DA:127,2
DA:129,0
DA:130,0
DA:138,10
DA:139,2
DA:140,2
DA:142,2
DA:143,1
DA:146,1
DA:148,1
DA:149,1
DA:150,1
DA:151,1
DA:152,1
DA:153,1
DA:154,1
DA:156,1
DA:158,1
DA:162,1
DA:164,0
DA:165,0
DA:173,10
DA:174,7
DA:175,7
DA:177,7
DA:178,1
DA:181,6
DA:182,6
DA:184,6
DA:185,1
DA:188,5
DA:189,1
DA:192,4
DA:194,4
DA:195,2
DA:196,1
DA:200,1
DA:202,2
DA:205,3
DA:208,3
DA:217,3
DA:221,3
DA:223,0
DA:224,0
DA:232,10
DA:233,2
DA:234,2
DA:236,2
DA:237,1
DA:240,1
DA:242,1
DA:244,0
DA:245,0
DA:249,10
LF:93
LH:76
BRDA:14,0,0,3
BRDA:14,0,1,2
BRDA:15,1,0,3
BRDA:15,1,1,2
BRDA:20,2,0,1
BRDA:20,2,1,2
BRDA:81,3,0,1
BRDA:81,3,1,1
BRDA:104,4,0,2
BRDA:104,4,1,1
BRDA:105,5,0,2
BRDA:105,5,1,0
BRDA:106,6,0,2
BRDA:106,6,1,1
BRDA:112,7,0,2
BRDA:112,7,1,0
BRDA:142,8,0,1
BRDA:142,8,1,1
BRDA:148,9,0,0
BRDA:148,9,1,1
BRDA:149,10,0,1
BRDA:149,10,1,0
BRDA:150,11,0,0
BRDA:150,11,1,1
BRDA:151,12,0,1
BRDA:151,12,1,0
BRDA:152,13,0,1
BRDA:152,13,1,0
BRDA:153,14,0,0
BRDA:153,14,1,1
BRDA:154,15,0,0
BRDA:154,15,1,1
BRDA:177,16,0,1
BRDA:177,16,1,6
BRDA:184,17,0,1
BRDA:184,17,1,5
BRDA:188,18,0,1
BRDA:188,18,1,4
BRDA:188,19,0,5
BRDA:188,19,1,4
BRDA:194,20,0,2
BRDA:194,20,1,2
BRDA:195,21,0,1
BRDA:195,21,1,1
BRDA:236,22,0,1
BRDA:236,22,1,1
BRF:46
BRH:37
end_of_record
TN:
SF:src/routes/pieceIntervention.routes.js
FN:11,(anonymous_0)
FN:38,(anonymous_1)
FN:112,(anonymous_2)
FNF:3
FNH:0
FNDA:0,(anonymous_0)
FNDA:0,(anonymous_1)
FNDA:0,(anonymous_2)
DA:1,10
DA:2,10
DA:3,10
DA:5,10
DA:11,10
DA:12,0
DA:13,0
DA:15,0
DA:16,0
DA:18,0
DA:27,0
DA:29,0
DA:30,0
DA:38,10
DA:39,0
DA:40,0
DA:41,0
DA:43,0
DA:44,0
DA:47,0
DA:48,0
DA:49,0
DA:52,0
DA:53,0
DA:54,0
DA:58,0
DA:59,0
DA:65,0
DA:74,0
DA:75,0
DA:76,0
DA:79,0
DA:89,0
DA:93,0
DA:94,0
DA:95,0
DA:97,0
DA:101,0
DA:103,0
DA:104,0
DA:112,10
DA:113,0
DA:114,0
DA:121,0
DA:122,0
DA:126,0
DA:127,0
DA:128,0
DA:129,0
DA:132,0
DA:141,0
DA:142,0
DA:145,0
DA:149,0
DA:150,0
DA:151,0
DA:153,0
DA:155,0
DA:156,0
DA:160,10
LF:60
LH:8
BRDA:16,0,0,0
BRDA:16,0,1,0
BRDA:43,1,0,0
BRDA:43,1,1,0
BRDA:43,2,0,0
BRDA:43,2,1,0
BRDA:43,2,2,0
BRDA:43,2,3,0
BRDA:48,3,0,0
BRDA:48,3,1,0
BRDA:53,4,0,0
BRDA:53,4,1,0
BRDA:58,5,0,0
BRDA:58,5,1,0
BRDA:93,6,0,0
BRDA:93,6,1,0
BRDA:94,7,0,0
BRDA:94,7,1,0
BRDA:121,8,0,0
BRDA:121,8,1,0
BRDA:149,9,0,0
BRDA:149,9,1,0
BRDA:150,10,0,0
BRDA:150,10,1,0
BRF:24
BRH:0
end_of_record
TN:
SF:src/routes/role.routes.js
FN:20,(anonymous_0)
FN:28,(anonymous_1)
FN:53,(anonymous_2)
FN:70,(anonymous_3)
FN:89,(anonymous_4)
FN:112,(anonymous_5)
FN:113,(anonymous_6)
FN:135,(anonymous_7)
FN:154,(anonymous_8)
FN:155,(anonymous_9)
FN:172,(anonymous_10)
FNF:11
FNH:11
FNDA:2,(anonymous_0)
FNDA:29,(anonymous_1)
FNDA:4,(anonymous_2)
FNDA:2,(anonymous_3)
FNDA:3,(anonymous_4)
FNDA:4,(anonymous_5)
FNDA:16,(anonymous_6)
FNDA:3,(anonymous_7)
FNDA:3,(anonymous_8)
FNDA:12,(anonymous_9)
FNDA:3,(anonymous_10)
DA:6,10
DA:7,10
DA:8,10
DA:10,10
DA:20,10
DA:21,2
DA:22,2
DA:26,2
DA:28,1
DA:29,29
DA:30,6
DA:32,29
DA:33,29
DA:35,1
DA:38,1
DA:40,0
DA:41,0
DA:53,10
DA:54,4
DA:55,4
DA:59,4
DA:61,0
DA:62,0
DA:70,10
DA:71,2
DA:72,2
DA:74,2
DA:75,1
DA:78,1
DA:80,0
DA:81,0
DA:89,10
DA:90,3
DA:91,3
DA:93,3
DA:94,1
DA:98,2
DA:99,2
DA:100,0
DA:106,2
DA:107,2
DA:108,1
DA:112,1
DA:113,16
DA:116,1
DA:124,1
DA:126,0
DA:127,0
DA:135,10
DA:136,3
DA:137,3
DA:139,3
DA:140,1
DA:144,2
DA:145,1
DA:148,1
DA:150,1
DA:151,1
DA:152,1
DA:154,1
DA:155,12
DA:159,1
DA:161,1
DA:163,0
DA:164,0
DA:172,10
DA:173,3
DA:174,3
DA:176,3
DA:177,1
DA:181,2
DA:182,1
DA:186,1
DA:187,1
DA:188,0
DA:193,1
DA:195,1
DA:197,0
DA:198,0
DA:202,10
LF:80
LH:66
BRDA:26,0,0,1
BRDA:26,0,1,1
BRDA:29,1,0,6
BRDA:29,1,1,23
BRDA:74,2,0,1
BRDA:74,2,1,1
BRDA:93,3,0,1
BRDA:93,3,1,2
BRDA:93,4,0,3
BRDA:93,4,1,2
BRDA:99,5,0,0
BRDA:99,5,1,2
BRDA:107,6,0,1
BRDA:107,6,1,1
BRDA:112,7,0,1
BRDA:112,7,1,0
BRDA:119,8,0,1
BRDA:119,8,1,0
BRDA:139,9,0,1
BRDA:139,9,1,2
BRDA:144,10,0,1
BRDA:144,10,1,1
BRDA:150,11,0,1
BRDA:150,11,1,0
BRDA:151,12,0,0
BRDA:151,12,1,1
BRDA:152,13,0,1
BRDA:152,13,1,0
BRDA:176,14,0,1
BRDA:176,14,1,2
BRDA:181,15,0,1
BRDA:181,15,1,1
BRDA:187,16,0,0
BRDA:187,16,1,1
BRF:34
BRH:27
end_of_record
TN:
SF:src/routes/settings.routes.js
FN:11,(anonymous_0)
FN:28,(anonymous_1)
FN:49,(anonymous_2)
FN:68,(anonymous_3)
FNF:4
FNH:3
FNDA:1,(anonymous_0)
FNDA:2,(anonymous_1)
FNDA:2,(anonymous_2)
FNDA:0,(anonymous_3)
DA:1,10
DA:2,10
DA:3,10
DA:5,10
DA:11,10
DA:12,1
DA:13,1
DA:17,1
DA:19,0
DA:20,0
DA:28,10
DA:29,2
DA:30,2
DA:32,2
DA:34,2
DA:35,1
DA:38,1
DA:40,0
DA:41,0
DA:49,10
DA:50,2
DA:51,2
DA:52,2
DA:55,2
DA:57,2
DA:59,0
DA:60,0
DA:68,10
DA:69,0
DA:70,0
DA:72,0
DA:74,0
DA:75,0
DA:78,0
DA:80,0
DA:82,0
DA:83,0
DA:87,10
LF:38
LH:23
BRDA:34,0,0,1
BRDA:34,0,1,1
BRDA:74,1,0,0
BRDA:74,1,1,0
BRF:4
BRH:2
end_of_record
TN:
SF:src/routes/technicien.routes.js
FN:13,(anonymous_0)
FN:64,(anonymous_1)
FN:85,(anonymous_2)
FN:122,(anonymous_3)
FN:163,(anonymous_4)
FN:188,(anonymous_5)
FNF:6
FNH:5
FNDA:4,(anonymous_0)
FNDA:2,(anonymous_1)
FNDA:2,(anonymous_2)
FNDA:2,(anonymous_3)
FNDA:0,(anonymous_4)
FNDA:2,(anonymous_5)
DA:1,10
DA:2,10
DA:3,10
DA:4,10
DA:5,10
DA:7,10
DA:13,10
DA:14,4
DA:15,4
DA:16,4
DA:17,4
DA:18,4
DA:19,4
DA:21,4
DA:22,4
DA:24,4
DA:27,4
DA:28,4
DA:29,0
DA:36,0
DA:39,4
DA:47,4
DA:55,0
DA:56,0
DA:64,10
DA:65,2
DA:66,2
DA:70,2
DA:71,1
DA:74,1
DA:76,0
DA:77,0
DA:85,10
DA:86,2
DA:87,2
DA:90,2
DA:99,2
DA:107,2
DA:111,2
DA:113,0
DA:114,0
DA:122,10
DA:123,2
DA:124,2
DA:128,2
DA:129,1
DA:132,1
DA:135,1
DA:136,1
DA:137,1
DA:138,1
DA:141,1
DA:142,1
DA:143,1
DA:144,1
DA:145,1
DA:148,1
DA:152,1
DA:154,0
DA:155,0
DA:163,10
DA:164,0
DA:165,0
DA:167,0
DA:168,0
DA:171,0
DA:177,0
DA:179,0
DA:180,0
DA:188,10
DA:189,2
DA:190,2
DA:194,2
DA:195,1
DA:198,1
DA:199,1
DA:200,1
DA:202,1
DA:204,0
DA:205,0
DA:209,10
LF:81
LH:61
BRDA:15,0,0,4
BRDA:15,0,1,3
BRDA:16,1,0,4
BRDA:16,1,1,3
BRDA:22,2,0,1
BRDA:22,2,1,3
BRDA:28,3,0,0
BRDA:28,3,1,4
BRDA:70,4,0,1
BRDA:70,4,1,1
BRDA:94,5,0,2
BRDA:94,5,1,1
BRDA:101,6,0,2
BRDA:101,6,1,1
BRDA:102,7,0,2
BRDA:102,7,1,1
BRDA:103,8,0,2
BRDA:103,8,1,1
BRDA:128,9,0,1
BRDA:128,9,1,1
BRDA:135,10,0,1
BRDA:135,10,1,0
BRDA:136,11,0,1
BRDA:136,11,1,0
BRDA:137,12,0,1
BRDA:137,12,1,0
BRDA:142,13,0,1
BRDA:142,13,1,0
BRDA:143,14,0,1
BRDA:143,14,1,0
BRDA:144,15,0,0
BRDA:144,15,1,1
BRDA:167,16,0,0
BRDA:167,16,1,0
BRDA:194,17,0,1
BRDA:194,17,1,1
BRF:36
BRH:27
end_of_record
TN:
SF:src/routes/user.routes.js
FN:17,(anonymous_0)
FN:61,(anonymous_1)
FN:86,(anonymous_2)
FN:134,(anonymous_3)
FN:176,(anonymous_4)
FN:212,(anonymous_5)
FNF:6
FNH:1
FNDA:0,(anonymous_0)
FNDA:0,(anonymous_1)
FNDA:0,(anonymous_2)
FNDA:0,(anonymous_3)
FNDA:2,(anonymous_4)
FNDA:0,(anonymous_5)
DA:6,10
DA:7,10
DA:8,10
DA:9,10
DA:11,10
DA:17,10
DA:18,0
DA:19,0
DA:20,0
DA:21,0
DA:22,0
DA:24,0
DA:25,0
DA:26,0
DA:33,0
DA:44,0
DA:52,0
DA:53,0
DA:61,10
DA:62,0
DA:63,0
DA:71,0
DA:72,0
DA:75,0
DA:77,0
DA:78,0
DA:86,10
DA:87,0
DA:88,0
DA:90,0
DA:91,0
DA:95,0
DA:96,0
DA:97,0
DA:101,0
DA:102,0
DA:103,0
DA:104,0
DA:108,0
DA:118,0
DA:123,0
DA:125,0
DA:126,0
DA:134,10
DA:135,0
DA:136,0
DA:138,0
DA:139,0
DA:142,0
DA:145,0
DA:146,0
DA:147,0
DA:148,0
DA:150,0
DA:153,0
DA:154,0
DA:155,0
DA:156,0
DA:158,0
DA:160,0
DA:165,0
DA:167,0
DA:168,0
DA:176,10
DA:177,2
DA:178,2
DA:180,2
DA:181,1
DA:184,1
DA:186,1
DA:187,1
DA:188,1
DA:189,0
DA:193,1
DA:194,1
DA:196,1
DA:201,1
DA:203,0
DA:204,0
DA:212,10
DA:213,0
DA:214,0
DA:216,0
DA:217,0
DA:221,0
DA:222,0
DA:225,0
DA:227,0
DA:229,0
DA:230,0
DA:234,10
LF:91
LH:24
BRDA:19,0,0,0
BRDA:19,0,1,0
BRDA:20,1,0,0
BRDA:20,1,1,0
BRDA:25,2,0,0
BRDA:25,2,1,0
BRDA:71,3,0,0
BRDA:71,3,1,0
BRDA:90,4,0,0
BRDA:90,4,1,0
BRDA:90,5,0,0
BRDA:90,5,1,0
BRDA:90,5,2,0
BRDA:90,5,3,0
BRDA:96,6,0,0
BRDA:96,6,1,0
BRDA:101,7,0,0
BRDA:101,7,1,0
BRDA:103,8,0,0
BRDA:103,8,1,0
BRDA:113,9,0,0
BRDA:113,9,1,0
BRDA:114,10,0,0
BRDA:114,10,1,0
BRDA:138,11,0,0
BRDA:138,11,1,0
BRDA:145,12,0,0
BRDA:145,12,1,0
BRDA:145,13,0,0
BRDA:145,13,1,0
BRDA:147,14,0,0
BRDA:147,14,1,0
BRDA:153,15,0,0
BRDA:153,15,1,0
BRDA:154,16,0,0
BRDA:154,16,1,0
BRDA:155,17,0,0
BRDA:155,17,1,0
BRDA:156,18,0,0
BRDA:156,18,1,0
BRDA:180,19,0,1
BRDA:180,19,1,1
BRDA:186,20,0,1
BRDA:186,20,1,0
BRDA:186,21,0,1
BRDA:186,21,1,1
BRDA:188,22,0,0
BRDA:188,22,1,1
BRDA:216,23,0,0
BRDA:216,23,1,0
BRDA:221,24,0,0
BRDA:221,24,1,0
BRF:52
BRH:6
end_of_record
TN:
SF:src/routes/workorder.routes.js
FN:12,(anonymous_0)
FN:61,(anonymous_1)
FN:96,(anonymous_2)
FN:147,(anonymous_3)
FN:161,(anonymous_4)
FN:180,(anonymous_5)
FN:211,(anonymous_6)
FN:262,(anonymous_7)
FN:287,(anonymous_8)
FNF:9
FNH:5
FNDA:4,(anonymous_0)
FNDA:2,(anonymous_1)
FNDA:3,(anonymous_2)
FNDA:0,(anonymous_3)
FNDA:0,(anonymous_4)
FNDA:1,(anonymous_5)
FNDA:3,(anonymous_6)
FNDA:0,(anonymous_7)
FNDA:0,(anonymous_8)
DA:1,10
DA:2,10
DA:3,10
DA:4,10
DA:6,10
DA:12,10
DA:13,4
DA:22,4
DA:24,4
DA:26,4
DA:27,4
DA:28,4
DA:29,4
DA:30,4
DA:32,4
DA:50,4
DA:52,0
DA:53,0
DA:61,10
DA:62,2
DA:63,2
DA:77,2
DA:78,1
DA:82,1
DA:83,1
DA:85,1
DA:87,0
DA:88,0
DA:96,10
DA:97,3
DA:107,3
DA:110,3
DA:111,1
DA:113,2
DA:114,0
DA:118,2
DA:119,2
DA:120,0
DA:123,2
DA:136,2
DA:138,0
DA:139,0
DA:147,10
DA:148,0
DA:149,0
DA:151,0
DA:152,0
DA:155,0
DA:160,0
DA:161,0
DA:162,0
DA:163,0
DA:167,0
DA:169,0
DA:171,0
DA:172,0
DA:180,10
DA:181,1
DA:182,1
DA:184,1
DA:185,1
DA:186,0
DA:190,1
DA:191,1
DA:192,0
DA:195,1
DA:200,1
DA:202,0
DA:203,0
DA:211,10
DA:212,3
DA:213,3
DA:215,3
DA:216,3
DA:217,0
DA:221,3
DA:222,1
DA:228,2
DA:231,2
DA:232,1
DA:234,2
DA:235,1
DA:236,1
DA:237,1
DA:238,1
DA:241,1
DA:242,1
DA:245,1
DA:249,2
DA:251,2
DA:253,0
DA:254,0
DA:262,10
DA:263,0
DA:264,0
DA:266,0
DA:267,0
DA:268,0
DA:271,0
DA:276,0
DA:278,0
DA:279,0
DA:287,10
DA:288,0
DA:289,0
DA:290,0
DA:291,0
DA:294,0
DA:296,0
DA:298,0
DA:299,0
DA:303,10
LF:112
LH:67
BRDA:20,0,0,4
BRDA:21,1,0,4
BRDA:26,2,0,1
BRDA:26,2,1,3
BRDA:27,3,0,1
BRDA:27,3,1,3
BRDA:28,4,0,0
BRDA:28,4,1,4
BRDA:29,5,0,1
BRDA:29,5,1,3
BRDA:30,6,0,0
BRDA:30,6,1,4
BRDA:77,7,0,1
BRDA:77,7,1,1
BRDA:100,8,0,0
BRDA:101,9,0,1
BRDA:102,10,0,1
BRDA:110,11,0,1
BRDA:110,11,1,2
BRDA:113,12,0,0
BRDA:113,12,1,2
BRDA:119,13,0,0
BRDA:119,13,1,2
BRDA:151,14,0,0
BRDA:151,14,1,0
BRDA:162,15,0,0
BRDA:162,15,1,0
BRDA:185,16,0,0
BRDA:185,16,1,1
BRDA:191,17,0,0
BRDA:191,17,1,1
BRDA:216,18,0,0
BRDA:216,18,1,3
BRDA:221,19,0,1
BRDA:221,19,1,2
BRDA:231,20,0,1
BRDA:231,20,1,1
BRDA:231,21,0,2
BRDA:231,21,1,1
BRDA:234,22,0,1
BRDA:234,22,1,1
BRDA:236,23,0,1
BRDA:236,23,1,0
BRDA:237,24,0,1
BRDA:237,24,1,0
BRDA:238,25,0,1
BRDA:238,25,1,0
BRDA:241,26,0,1
BRDA:241,26,1,0
BRDA:267,27,0,0
BRDA:267,27,1,0
BRDA:290,28,0,0
BRDA:290,28,1,0
BRF:53
BRH:33
end_of_record
TN:
SF:src/utils/pagination.js
FN:4,(anonymous_0)
FN:27,(anonymous_1)
FN:32,(anonymous_2)
FNF:3
FNH:0
FNDA:0,(anonymous_0)
FNDA:0,(anonymous_1)
FNDA:0,(anonymous_2)
DA:4,0
DA:5,0
DA:6,0
DA:7,0
DA:9,0
DA:15,0
DA:27,0
DA:28,0
DA:30,0
DA:31,0
DA:32,0
DA:38,0
LF:12
LH:0
BRDA:4,0,0,0
BRDA:5,1,0,0
BRDA:5,1,1,0
BRDA:6,2,0,0
BRDA:6,2,1,0
BRDA:28,3,0,0
BRDA:28,3,1,0
BRF:7
BRH:0
end_of_record
